\BOOKMARK [1][-]{section.1}{\376\377\000G\000i\036\333\000i\000\040\000t\000h\000i\036\307\000u\000\040\000v\036\245\000n\000\040\001\021\036\301}{}% 1
\BOOKMARK [2][-]{subsection.1.1}{\376\377\000B\036\321\000i\000\040\000c\036\243\000n\000h}{section.1}% 2
\BOOKMARK [2][-]{subsection.1.2}{\376\377\000M\036\345\000c\000\040\000t\000i\000\352\000u\000\040\000d\036\361\000\040\000\341\000n}{section.1}% 3
\BOOKMARK [3][-]{subsubsection.1.2.1}{\376\377\000M\036\345\000c\000\040\001\021\000\355\000c\000h\000\040\000d\036\361\000\040\000\341\000n}{subsection.1.2}% 4
\BOOKMARK [3][-]{subsubsection.1.2.2}{\376\377\000C\000\341\000c\000\040\000m\036\345\000c\000\040\000t\000i\000\352\000u\000\040\000c\000h\000i\000\040\000t\000i\036\277\000t}{subsection.1.2}% 5
\BOOKMARK [2][-]{subsection.1.3}{\376\377\000P\000h\036\241\000m\000\040\000v\000i\000\040\000d\036\361\000\040\000\341\000n}{section.1}% 6
\BOOKMARK [3][-]{subsubsection.1.3.1}{\376\377\000Y\036\277\000u\000\040\000t\036\321\000\040\000c\036\321\000t\000\040\000l\000\365\000i}{subsection.1.3}% 7
\BOOKMARK [3][-]{subsubsection.1.3.2}{\376\377\000Y\036\277\000u\000\040\000t\036\321\000\040\000m\036\337\000\040\000r\036\331\000n\000g}{subsection.1.3}% 8
\BOOKMARK [2][-]{subsection.1.4}{\376\377\000C\000\341\000c\000\040\000b\000\352\000n\000\040\000l\000i\000\352\000n\000\040\000q\000u\000a\000n}{section.1}% 9
\BOOKMARK [1][-]{section.2}{\376\377\001\020\036\313\000n\000h\000\040\000h\001\260\036\333\000n\000g\000\040\000p\000h\000\341\000t\000\040\000t\000r\000i\036\303\000n}{}% 10
\BOOKMARK [2][-]{subsection.2.1}{\376\377\001\020\036\313\000n\000h\000\040\000h\001\260\036\333\000n\000g\000\040\000k\036\371\000\040\000t\000h\000u\036\255\000t}{section.2}% 11
\BOOKMARK [3][-]{subsubsection.2.1.1}{\376\377\000P\000h\000\341\000t\000\040\000t\000r\000i\036\303\000n\000\040\000t\000r\000\352\000n\000\040\000n\036\301\000n\000\040\000t\036\243\000n\000g\000\040\000P\000C}{subsection.2.1}% 12
\BOOKMARK [3][-]{subsubsection.2.1.2}{\376\377\000P\000y\000t\000h\000o\000n}{subsection.2.1}% 13
\BOOKMARK [3][-]{subsubsection.2.1.3}{\376\377\000G\000i\000t\000\040\000v\000\340\000\040\000G\000i\000t\000h\000u\000b}{subsection.2.1}% 14
\BOOKMARK [2][-]{subsection.2.2}{\376\377\001\020\036\313\000n\000h\000\040\000h\001\260\036\333\000n\000g\000\040\000m\036\337\000\040\000r\036\331\000n\000g}{section.2}% 15
\BOOKMARK [3][-]{subsubsection.2.2.1}{\376\377\000C\036\243\000i\000\040\000t\000h\000i\036\307\000n\000\040\000h\036\307\000\040\000t\000h\036\321\000n\000g\000\040\001\021\036\323\000\040\000h\036\315\000a\000\040\000v\000\340\000\040\000\342\000m\000\040\000t\000h\000a\000n\000h}{subsection.2.2}% 16
\BOOKMARK [3][-]{subsubsection.2.2.2}{\376\377\000M\036\337\000\040\000r\036\331\000n\000g\000\040\000c\036\321\000t\000\040\000t\000r\000u\000y\036\307\000n}{subsection.2.2}% 17
\BOOKMARK [3][-]{subsubsection.2.2.3}{\376\377\000P\000h\000\341\000t\000\040\000h\000\340\000n\000h\000\040\000b\036\243\000n\000\040\000m\000o\000b\000i\000l\000e\000\040\000\050\000i\000O\000S\000,\000\040\000A\000n\000d\000r\000o\000i\000d\000\051}{subsection.2.2}% 18
\BOOKMARK [1][-]{section.3}{\376\377\000Y\000\352\000u\000\040\000c\036\247\000u\000\040\000h\036\307\000\040\000t\000h\036\321\000n\000g\000\040\000\050\000S\000y\000s\000t\000e\000m\000\040\000r\000e\000q\000u\000i\000r\000e\000m\000e\000n\000t\000s\000\051}{}% 19
\BOOKMARK [2][-]{subsection.3.1}{\376\377\000Y\000\352\000u\000\040\000c\036\247\000u\000\040\000c\000h\036\351\000c\000\040\000n\001\003\000n\000g\000\040\000\050\000F\000u\000n\000c\000t\000i\000o\000n\000a\000l\000\040\000r\000e\000q\000u\000i\000r\000e\000m\000e\000n\000t\000s\000\051}{section.3}% 20
\BOOKMARK [3][-]{subsubsection.3.1.1}{\376\377\000H\036\307\000\040\000t\000h\036\321\000n\000g\000\040\000h\036\331\000i\000\040\000t\000h\000o\036\241\000i\000\040\000t\001\260\001\241\000n\000g\000\040\000t\000\341\000c}{subsection.3.1}% 21
\BOOKMARK [3][-]{subsubsection.3.1.2}{\376\377\000Q\000u\036\243\000n\000\040\000l\000\375\000\040\000t\000r\036\241\000n\000g\000\040\000t\000h\000\341\000i\000\040\000n\000h\000\342\000n\000\040\000v\036\255\000t\000\040\000v\000\340\000\040\000c\036\321\000t\000\040\000t\000r\000u\000y\036\307\000n}{subsection.3.1}% 22
\BOOKMARK [3][-]{subsubsection.3.1.3}{\376\377\000G\000i\000a\000o\000\040\000d\000i\036\307\000n\000\040\000n\000g\001\260\036\335\000i\000\040\000d\000\371\000n\000g}{subsection.3.1}% 23
\BOOKMARK [3][-]{subsubsection.3.1.4}{\376\377\000Q\000u\036\243\000n\000\040\000l\000\375\000\040\000l\001\260\000u\000\040\000v\000\340\000\040\000t\036\243\000i\000\040\000t\000r\000\362\000\040\000c\000h\001\241\000i}{subsection.3.1}% 24
\BOOKMARK [3][-]{subsubsection.3.1.5}{\376\377\000\302\000m\000\040\000t\000h\000a\000n\000h\000\040\000v\000\340\000\040\000h\000i\036\307\000u\000\040\036\351\000n\000g}{subsection.3.1}% 25
\BOOKMARK [3][-]{subsubsection.3.1.6}{\376\377\000Q\000u\036\243\000n\000\040\000l\000\375\000\040\000k\036\313\000c\000h\000\040\000b\036\243\000n\000\040\000v\000\340\000\040\000n\036\331\000i\000\040\000d\000u\000n\000g}{subsection.3.1}% 26
\BOOKMARK [3][-]{subsubsection.3.1.7}{\376\377\000H\036\307\000\040\000t\000h\036\321\000n\000g\000\040\000k\036\277\000t\000\040\000t\000h\000\372\000c\000\040\001\021\000a\000\040\000d\036\241\000n\000g}{subsection.3.1}% 27
\BOOKMARK [2][-]{subsection.3.2}{\376\377\000Y\000\352\000u\000\040\000c\036\247\000u\000\040\000p\000h\000i\000\040\000c\000h\036\351\000c\000\040\000n\001\003\000n\000g\000\040\000\050\000N\000o\000n\000-\000f\000u\000n\000c\000t\000i\000o\000n\000a\000l\000\040\000r\000e\000q\000u\000i\000r\000e\000m\000e\000n\000t\000s\000\051}{section.3}% 28
